<?xml version="1.0" encoding="UTF-8"?>
<!-- Generated by org.testng.reporters.JUnitReportReporter -->
<testsuite skipped="0" hostname="LAPTOP-SBIGM7MS" name="Assign3.Para" tests="1" failures="0" timestamp="23 Nov 2018 12:57:40 GMT" time="0.020" errors="0">
  <testcase name="para" time="0.020" classname="Assign3.Para"/>
</testsuite> <!-- Assign3.Para -->
