<?xml version="1.0" encoding="UTF-8"?>
<!-- Generated by org.testng.reporters.JUnitReportReporter -->
<testsuite skipped="0" hostname="LAPTOP-SBIGM7MS" name="Assign3.DataP" tests="2" failures="0" timestamp="23 Nov 2018 12:28:06 GMT" time="0.011" errors="0">
  <testcase name="receive" time="0.009" classname="Assign3.DataP"/>
  <testcase name="receive" time="0.002" classname="Assign3.DataP"/>
</testsuite> <!-- Assign3.DataP -->
